[0m[2m[35m$[0m [2m[1malchemy dev[0m
[dotenv@17.2.1] injecting env (0) from .env -- tip: 📡 observe env with Radar: https://dotenvx.com/radar
[dotenv@17.2.1] injecting env (0) from apps/web/.env -- tip: ⚙️  suppress all logs with { quiet: true }
[dotenv@17.2.1] injecting env (0) from apps/server/.env -- tip: 📡 auto-backup env with Radar: https://dotenvx.com/radar
[96mAlchemy[0m (v0.70.2)
App: vit-store
Phase: up
Stage: darjs
[93mWARN[0m Development mode is in beta. Please report any issues to https://github.com/sam-goodwin/alchemy/issues.
[35m[updating]  [0m[90mdb-generate[0m Updating Resource...
[0m[2m[35m$[0m [2m[1mdrizzle-kit generate[0m
[90mNo config path provided, using default 'drizzle.config.ts'[39m
[90mReading config file '/home/darjs/dev/vit-store/apps/server/drizzle.config.ts'[39m
[1m13 tables[22m
[1m[22m[1m[34mecom_vit_brand[39m[22m [90m5 columns 3 indexes 0 fks[39m
[1m[34mecom_vit_cart_item[39m[22m [90m6 columns 2 indexes 2 fks[39m
[1m[34mecom_vit_cart[39m[22m [90m4 columns 2 indexes 1 fks[39m
[1m[34mecom_vit_category[39m[22m [90m4 columns 3 indexes 0 fks[39m
[1m[34mecom_vit_customer[39m[22m [90m4 columns 3 indexes 0 fks[39m
[1m[34mecom_vit_order_detail[39m[22m [90m4 columns 2 indexes 2 fks[39m
[1m[34mecom_vit_order[39m[22m [90m10 columns 5 indexes 1 fks[39m
[1m[34mecom_vit_payment[39m[22m [90m6 columns 3 indexes 1 fks[39m
[1m[34mecom_vit_product_image[39m[22m [90m5 columns 2 indexes 1 fks[39m
[1m[34mecom_vit_product[39m[22m [90m15 columns 9 indexes 2 fks[39m
[1m[34mecom_vit_purchase[39m[22m [90m6 columns 4 indexes 1 fks[39m
[1m[34mecom_vit_sales[39m[22m [90m9 columns 3 indexes 2 fks[39m
[1m[34mecom_vit_user[39m[22m [90m6 columns 4 indexes 0 fks[39m

No schema changes, nothing to migrate 😴
[92m[updated]   [0m[90mdb-generate[0m Updated Resource
[35m[updating]  [0m[90mdatabase[0m Updating Resource...
[92m[updated]   [0m[90mdatabase[0m Updated Resource
link /home/darjs/dev/vit-store/apps/web/.alchemy/miniflare/v3 /home/darjs/dev/vit-store/.alchemy/miniflare/v3
[90mExiting...[39m
